

Microchip MPLAB XC8 Assembler V2.10 build 88905656 
                                                                                               Fri Sep 06 14:19:23 2019

Microchip MPLAB XC8 C Compiler v2.10 (Free license) build 20190730164152 Og1 
     1                           	processor	18LF47K42
     2                           	fnconf	rparam,??,?,0
     3                           	opt	pw 120
     4                           	opt	flic
     5                           	psect	cinit,global,reloc=2,class=CODE,delta=1
     6                           	psect	cstackCOMRAM,global,class=COMRAM,space=1,delta=1,noexec
     7                           	psect	text0,global,reloc=2,class=CODE,delta=1
     8                           	psect	intsave_regs,global,class=BIGRAM,space=1,delta=1,noexec
     9                           	psect	rparam,global,class=COMRAM,space=1,delta=1,noexec
    10  0000                     
    11                           ; Version 2.10
    12                           ; Generated 31/07/2019 GMT
    13                           ; 
    14                           ; Copyright © 2019, Microchip Technology Inc. and its subsidiaries ("Microchip")
    15                           ; All rights reserved.
    16                           ; 
    17                           ; This software is developed by Microchip Technology Inc. and its subsidiaries ("Microch
      +                          ip").
    18                           ; 
    19                           ; Redistribution and use in source and binary forms, with or without modification, are
    20                           ; permitted provided that the following conditions are met:
    21                           ; 
    22                           ;     1. Redistributions of source code must retain the above copyright notice, this lis
      +                          t of
    23                           ;        conditions and the following disclaimer.
    24                           ; 
    25                           ;     2. Redistributions in binary form must reproduce the above copyright notice, this 
      +                          list
    26                           ;        of conditions and the following disclaimer in the documentation and/or other
    27                           ;        materials provided with the distribution.
    28                           ; 
    29                           ;     3. Microchip's name may not be used to endorse or promote products derived from th
      +                          is
    30                           ;        software without specific prior written permission.
    31                           ; 
    32                           ; THIS SOFTWARE IS PROVIDED BY MICROCHIP "AS IS" AND ANY EXPRESS OR IMPLIED WARRANTIES,
    33                           ; INCLUDING, BUT NOT LIMITED TO, THE IMPLIED WARRANTIES OF MERCHANTABILITY AND FITNESS F
      +                          OR
    34                           ; PURPOSE ARE DISCLAIMED.  IN NO EVENT SHALL MICROCHIP BE LIABLE FOR ANY DIRECT, INDIREC
      +                          T,
    35                           ; INCIDENTAL, SPECIAL, EXEMPLARY, OR CONSEQUENTIAL DAMAGES (INCLUDING BUT NOT LIMITED TO
    36                           ; PROCUREMENT OF SUBSTITUTE GOODS OR SERVICES; LOSS OF USE, DATA OR PROFITS; OR BUSINESS
    37                           ; INTERRUPTION) HOWSOEVER CAUSED AND ON ANY THEORY OF LIABILITY, WHETHER IN CONTRACT, ST
      +                          RICT
    38                           ; LIABILITY, OR TORT (INCLUDING NEGLIGENCE OR OTHERWISE) ARISING IN ANY WAY OUT OF THE U
      +                          SE OF
    39                           ; THIS SOFTWARE, EVEN IF ADVISED OF THE POSSIBILITY OF SUCH DAMAGE.
    40                           ; 
    41                           ; 
    42                           ; Code-generator required, PIC18LF47K42 Definitions
    43                           ; 
    44                           ; SFR Addresses
    45  0000                     _ODCONE	set	14978
    46  0000                     _SLRCONE	set	14979
    47  0000                     _INLVLE	set	14980
    48  0000                     _WPUE	set	14977
    49  0000                     _ANSELE	set	14976
    50  0000                     _ODCOND	set	14962
    51  0000                     _SLRCOND	set	14963
    52  0000                     _INLVLD	set	14964
    53  0000                     _WPUD	set	14961
    54  0000                     _ANSELD	set	14960
    55  0000                     _ODCONC	set	14946
    56  0000                     _SLRCONC	set	14947
    57  0000                     _INLVLC	set	14948
    58  0000                     _WPUC	set	14945
    59  0000                     _ANSELC	set	14944
    60  0000                     _ODCONB	set	14930
    61  0000                     _SLRCONB	set	14931
    62  0000                     _INLVLB	set	14932
    63  0000                     _WPUB	set	14929
    64  0000                     _ANSELB	set	14928
    65  0000                     _ODCONA	set	14914
    66  0000                     _SLRCONA	set	14915
    67  0000                     _INLVLA	set	14916
    68  0000                     _WPUA	set	14913
    69  0000                     _ANSELA	set	14912
    70  0000                     _PORTE	set	16334
    71  0000                     _TRISE	set	16326
    72  0000                     _PORTD	set	16333
    73  0000                     _TRISD	set	16325
    74  0000                     _PORTC	set	16332
    75  0000                     _TRISC	set	16324
    76  0000                     _PORTB	set	16331
    77  0000                     _TRISB	set	16323
    78  0000                     _PORTA	set	16330
    79  0000                     _TRISA	set	16322
    80                           
    81                           ; #config settings
    82  0000                     
    83                           	psect	cinit
    84  01FF72                     __pcinit:
    85                           	opt callstack 0
    86  01FF72                     start_initialization:
    87                           	opt callstack 0
    88  01FF72                     __initialization:
    89                           	opt callstack 0
    90  01FF72                     end_of_initialization:
    91                           	opt callstack 0
    92  01FF72                     __end_of__initialization:
    93                           	opt callstack 0
    94  01FF72  0100               	movlb	0
    95  01FF74  EFBC  F0FF         	goto	_main	;jump to C main() function
    96                           
    97                           	psect	cstackCOMRAM
    98  000000                     __pcstackCOMRAM:
    99                           	opt callstack 0
   100  000000                     
   101                           ; 1 bytes @ 0x0
   102 ;;
   103 ;;Main: autosize = 0, tempsize = 0, incstack = 0, save=0
   104 ;;
   105 ;; *************** function _main *****************
   106 ;; Defined at:
   107 ;;		line 69 in file "main.c"
   108 ;; Parameters:    Size  Location     Type
   109 ;;		None
   110 ;; Auto vars:     Size  Location     Type
   111 ;;		None
   112 ;; Return value:  Size  Location     Type
   113 ;;                  1    wreg      void 
   114 ;; Registers used:
   115 ;;		wreg, status,2
   116 ;; Tracked objects:
   117 ;;		On entry : 0/0
   118 ;;		On exit  : 0/0
   119 ;;		Unchanged: 0/0
   120 ;; Data sizes:     COMRAM   BANK0   BANK1   BANK2   BANK3   BANK4   BANK5   BANK6   BANK7   BANK8   BANK9  BANK10  BANK1
      +1  BANK12  BANK13  BANK14  BANK15  BANK16  BANK17  BANK18  BANK19  BANK20  BANK21  BANK22  BANK23  BANK24  BANK25  BANK2
      +6  BANK27  BANK28  BANK29  BANK30  BANK31
   121 ;;      Params:         0       0       0       0       0       0       0       0       0       0       0       0       
      +0       0       0       0       0       0       0       0       0       0       0       0       0       0       0       
      +0       0       0       0       0       0
   122 ;;      Locals:         0       0       0       0       0       0       0       0       0       0       0       0       
      +0       0       0       0       0       0       0       0       0       0       0       0       0       0       0       
      +0       0       0       0       0       0
   123 ;;      Temps:          0       0       0       0       0       0       0       0       0       0       0       0       
      +0       0       0       0       0       0       0       0       0       0       0       0       0       0       0       
      +0       0       0       0       0       0
   124 ;;      Totals:         0       0       0       0       0       0       0       0       0       0       0       0       
      +0       0       0       0       0       0       0       0       0       0       0       0       0       0       0       
      +0       0       0       0       0       0
   125 ;;Total ram usage:        0 bytes
   126 ;; This function calls:
   127 ;;		Nothing
   128 ;; This function is called by:
   129 ;;		Startup code after reset
   130 ;; This function uses a non-reentrant model
   131 ;;
   132                           
   133                           	psect	text0
   134  01FF78                     __ptext0:
   135                           	opt callstack 0
   136  01FF78                     _main:
   137                           	opt callstack 31
   138  01FF78                     
   139                           ;main.c: 70:     TRISA = 0b00000000;
   140  01FF78  0E00               	movlw	0
   141  01FF7A  6EC2               	movwf	194,c	;volatile
   142                           
   143                           ;main.c: 71:     PORTA = 0b00000000;
   144  01FF7C  0E00               	movlw	0
   145  01FF7E  6ECA               	movwf	202,c	;volatile
   146                           
   147                           ;main.c: 72:     ANSELA = 0b00000000;
   148  01FF80  0E00               	movlw	0
   149  01FF82  013A               	movlb	58	; () banked
   150  01FF84  6F40               	movwf	64,b	;volatile
   151                           
   152                           ;main.c: 73:     WPUA = 0b00000000;
   153  01FF86  0E00               	movlw	0
   154  01FF88  6F41               	movwf	65,b	;volatile
   155  01FF8A                     
   156                           ; BSR set to: 58
   157                           ;main.c: 74:     INLVLA = 0b11111111;
   158  01FF8A  6944               	setf	68,b	;volatile
   159  01FF8C                     
   160                           ; BSR set to: 58
   161                           ;main.c: 75:     SLRCONA = 0b11111111;
   162  01FF8C  6943               	setf	67,b	;volatile
   163                           
   164                           ;main.c: 76:     ODCONA = 0b00000000;
   165  01FF8E  0E00               	movlw	0
   166  01FF90  6F42               	movwf	66,b	;volatile
   167                           
   168                           ;main.c: 78:     TRISB = 0b11001100;
   169  01FF92  0ECC               	movlw	204
   170  01FF94  6EC3               	movwf	195,c	;volatile
   171                           
   172                           ;main.c: 79:     PORTB = 0b00010000;
   173  01FF96  0E10               	movlw	16
   174  01FF98  6ECB               	movwf	203,c	;volatile
   175                           
   176                           ;main.c: 80:     ANSELB = 0b00000000;
   177  01FF9A  0E00               	movlw	0
   178  01FF9C  6F50               	movwf	80,b	;volatile
   179                           
   180                           ;main.c: 81:     WPUB = 0b11000000;
   181  01FF9E  0EC0               	movlw	192
   182  01FFA0  6F51               	movwf	81,b	;volatile
   183  01FFA2                     
   184                           ; BSR set to: 58
   185                           ;main.c: 82:     INLVLB = 0b11111111;
   186  01FFA2  6954               	setf	84,b	;volatile
   187  01FFA4                     
   188                           ; BSR set to: 58
   189                           ;main.c: 83:     SLRCONB = 0b11111111;
   190  01FFA4  6953               	setf	83,b	;volatile
   191                           
   192                           ;main.c: 84:     ODCONB = 0b00000000;
   193  01FFA6  0E00               	movlw	0
   194  01FFA8  6F52               	movwf	82,b	;volatile
   195                           
   196                           ;main.c: 86:     TRISC = 0b01101110;
   197  01FFAA  0E6E               	movlw	110
   198  01FFAC  6EC4               	movwf	196,c	;volatile
   199                           
   200                           ;main.c: 87:     PORTC = 0b00000000;
   201  01FFAE  0E00               	movlw	0
   202  01FFB0  6ECC               	movwf	204,c	;volatile
   203                           
   204                           ;main.c: 88:     ANSELC = 0b01100000;
   205  01FFB2  0E60               	movlw	96
   206  01FFB4  6F60               	movwf	96,b	;volatile
   207                           
   208                           ;main.c: 89:     WPUC = 0b00001110;
   209  01FFB6  0E0E               	movlw	14
   210  01FFB8  6F61               	movwf	97,b	;volatile
   211  01FFBA                     
   212                           ; BSR set to: 58
   213                           ;main.c: 90:     INLVLC = 0b11111111;
   214  01FFBA  6964               	setf	100,b	;volatile
   215  01FFBC                     
   216                           ; BSR set to: 58
   217                           ;main.c: 91:     SLRCONC = 0b11111111;
   218  01FFBC  6963               	setf	99,b	;volatile
   219                           
   220                           ;main.c: 92:     ODCONC = 0b00000000;
   221  01FFBE  0E00               	movlw	0
   222  01FFC0  6F62               	movwf	98,b	;volatile
   223                           
   224                           ;main.c: 94:     TRISD = 0b00001111;
   225  01FFC2  0E0F               	movlw	15
   226  01FFC4  6EC5               	movwf	197,c	;volatile
   227                           
   228                           ;main.c: 95:     PORTD = 0b00000000;
   229  01FFC6  0E00               	movlw	0
   230  01FFC8  6ECD               	movwf	205,c	;volatile
   231                           
   232                           ;main.c: 96:     ANSELD = 0b00001000;
   233  01FFCA  0E08               	movlw	8
   234  01FFCC  6F70               	movwf	112,b	;volatile
   235                           
   236                           ;main.c: 97:     WPUD = 0b00000111;
   237  01FFCE  0E07               	movlw	7
   238  01FFD0  6F71               	movwf	113,b	;volatile
   239  01FFD2                     
   240                           ; BSR set to: 58
   241                           ;main.c: 98:     INLVLD = 0b11111111;
   242  01FFD2  6974               	setf	116,b	;volatile
   243  01FFD4                     
   244                           ; BSR set to: 58
   245                           ;main.c: 99:     SLRCOND = 0b11111111;
   246  01FFD4  6973               	setf	115,b	;volatile
   247                           
   248                           ;main.c: 100:     ODCOND = 0b00000000;
   249  01FFD6  0E00               	movlw	0
   250  01FFD8  6F72               	movwf	114,b	;volatile
   251                           
   252                           ;main.c: 102:     TRISE = 0b11111000;
   253  01FFDA  0EF8               	movlw	248
   254  01FFDC  6EC6               	movwf	198,c	;volatile
   255                           
   256                           ;main.c: 103:     PORTE = 0b00000100;
   257  01FFDE  0E04               	movlw	4
   258  01FFE0  6ECE               	movwf	206,c	;volatile
   259                           
   260                           ;main.c: 104:     ANSELE = 0b11110000;
   261  01FFE2  0EF0               	movlw	240
   262  01FFE4  6F80               	movwf	128,b	;volatile
   263                           
   264                           ;main.c: 105:     WPUE = 0b00001000;
   265  01FFE6  0E08               	movlw	8
   266  01FFE8  6F81               	movwf	129,b	;volatile
   267  01FFEA                     
   268                           ; BSR set to: 58
   269                           ;main.c: 106:     INLVLE = 0b11111111;
   270  01FFEA  6984               	setf	132,b	;volatile
   271  01FFEC                     
   272                           ; BSR set to: 58
   273                           ;main.c: 107:     SLRCONE = 0b11111111;
   274  01FFEC  6983               	setf	131,b	;volatile
   275                           
   276                           ;main.c: 108:     ODCONE = 0b00000000;
   277  01FFEE  0E00               	movlw	0
   278  01FFF0  6F82               	movwf	130,b	;volatile
   279  01FFF2                     l75:
   280  01FFF2  0004               	clrwdt		;# 
   281  01FFF4  EFF9  F0FF         	goto	l75
   282  01FFF8  EFFE  F0FF         	goto	start
   283  01FFFC                     __end_of_main:
   284                           	opt callstack 0
   285  0000                     
   286                           	psect	rparam
   287  0000                     tosu	equ	0x3FFF
   288                           tosh	equ	0x3FFE
   289                           tosl	equ	0x3FFD
   290                           stkptr	equ	0x3FFC
   291                           pclatu	equ	0x3FFB
   292                           pclath	equ	0x3FFA
   293                           pcl	equ	0x3FF9
   294                           tblptru	equ	0x3FF8
   295                           tblptrh	equ	0x3FF7
   296                           tblptrl	equ	0x3FF6
   297                           tablat	equ	0x3FF5
   298                           prodh	equ	0x3FF4
   299                           prodl	equ	0x3FF3
   300                           indf0	equ	0x3FEF
   301                           postinc0	equ	0x3FEE
   302                           postdec0	equ	0x3FED
   303                           preinc0	equ	0x3FEC
   304                           plusw0	equ	0x3FEB
   305                           fsr0h	equ	0x3FEA
   306                           fsr0l	equ	0x3FE9
   307                           wreg	equ	0x3FE8
   308                           indf1	equ	0x3FE7
   309                           postinc1	equ	0x3FE6
   310                           postdec1	equ	0x3FE5
   311                           preinc1	equ	0x3FE4
   312                           plusw1	equ	0x3FE3
   313                           fsr1h	equ	0x3FE2
   314                           fsr1l	equ	0x3FE1
   315                           bsr	equ	0x3FE0
   316                           indf2	equ	0x3FDF
   317                           postinc2	equ	0x3FDE
   318                           postdec2	equ	0x3FDD
   319                           preinc2	equ	0x3FDC
   320                           plusw2	equ	0x3FDB
   321                           fsr2h	equ	0x3FDA
   322                           fsr2l	equ	0x3FD9
   323                           status	equ	0x3FD8


Data Sizes:
    Strings     0
    Constant    0
    Data        0
    BSS         0
    Persistent  0
    Stack       0

Auto Spaces:
    Space          Size  Autos    Used
    COMRAM           95      0       0
    BANK0           160      0       0
    BANK1           256      0       0
    BANK2           256      0       0
    BANK3           256      0       0
    BANK4           256      0       0
    BANK5           256      0       0
    BANK6           256      0       0
    BANK7           256      0       0
    BANK8           256      0       0
    BANK9           256      0       0
    BANK10          256      0       0
    BANK11          256      0       0
    BANK12          256      0       0
    BANK13          256      0       0
    BANK14          256      0       0
    BANK15          256      0       0
    BANK16          256      0       0
    BANK17          256      0       0
    BANK18          256      0       0
    BANK19          256      0       0
    BANK20          256      0       0
    BANK21          256      0       0
    BANK22          256      0       0
    BANK23          256      0       0
    BANK24          256      0       0
    BANK25          256      0       0
    BANK26          256      0       0
    BANK27          256      0       0
    BANK28          256      0       0
    BANK29          256      0       0
    BANK30          256      0       0
    BANK31          256      0       0

Pointer List with Targets:

    None.

Critical Paths under _main in COMRAM

    None.

Critical Paths under _main in BANK0

    None.

Critical Paths under _main in BANK1

    None.

Critical Paths under _main in BANK2

    None.

Critical Paths under _main in BANK3

    None.

Critical Paths under _main in BANK4

    None.

Critical Paths under _main in BANK5

    None.

Critical Paths under _main in BANK6

    None.

Critical Paths under _main in BANK7

    None.

Critical Paths under _main in BANK8

    None.

Critical Paths under _main in BANK9

    None.

Critical Paths under _main in BANK10

    None.

Critical Paths under _main in BANK11

    None.

Critical Paths under _main in BANK12

    None.

Critical Paths under _main in BANK13

    None.

Critical Paths under _main in BANK14

    None.

Critical Paths under _main in BANK15

    None.

Critical Paths under _main in BANK16

    None.

Critical Paths under _main in BANK17

    None.

Critical Paths under _main in BANK18

    None.

Critical Paths under _main in BANK19

    None.

Critical Paths under _main in BANK20

    None.

Critical Paths under _main in BANK21

    None.

Critical Paths under _main in BANK22

    None.

Critical Paths under _main in BANK23

    None.

Critical Paths under _main in BANK24

    None.

Critical Paths under _main in BANK25

    None.

Critical Paths under _main in BANK26

    None.

Critical Paths under _main in BANK27

    None.

Critical Paths under _main in BANK28

    None.

Critical Paths under _main in BANK29

    None.

Critical Paths under _main in BANK30

    None.

Critical Paths under _main in BANK31

    None.

Call Graph Tables:

 ---------------------------------------------------------------------------------
 (Depth) Function   	        Calls       Base Space   Used Autos Params    Refs
 ---------------------------------------------------------------------------------
 (0) _main                                                 0     0      0       0
 ---------------------------------------------------------------------------------
 Estimated maximum stack depth 0
 ---------------------------------------------------------------------------------

 Call Graph Graphs:

 _main (ROOT)

 Address spaces:
Name               Size   Autos  Total    Cost      Usage
BITCOMRAM           5F      0       0       0        0.0%
EEDATA             400      0       0       0        0.0%
NULL                 0      0       0       0        0.0%
CODE                 0      0       0       0        0.0%
COMRAM              5F      0       0       1        0.0%
STACK                0      0       0       2        0.0%
DATA                 0      0       0       3        0.0%
BITBANK0            A0      0       0       4        0.0%
BANK0               A0      0       0       5        0.0%
BITBANK1           100      0       0       6        0.0%
BANK1              100      0       0       7        0.0%
BITBANK2           100      0       0       8        0.0%
BANK2              100      0       0       9        0.0%
BITBANK3           100      0       0      10        0.0%
BANK3              100      0       0      11        0.0%
BITBANK4           100      0       0      12        0.0%
BANK4              100      0       0      13        0.0%
BITBANK5           100      0       0      14        0.0%
BANK5              100      0       0      15        0.0%
BITBANK6           100      0       0      16        0.0%
BANK6              100      0       0      17        0.0%
BITBANK7           100      0       0      18        0.0%
BANK7              100      0       0      19        0.0%
BITBANK8           100      0       0      20        0.0%
BANK8              100      0       0      21        0.0%
BITBANK9           100      0       0      22        0.0%
BANK9              100      0       0      23        0.0%
BITBANK10          100      0       0      24        0.0%
BANK10             100      0       0      25        0.0%
BITBANK11          100      0       0      26        0.0%
BANK11             100      0       0      27        0.0%
BITBANK12          100      0       0      28        0.0%
BANK12             100      0       0      29        0.0%
BITBANK13          100      0       0      30        0.0%
BANK13             100      0       0      31        0.0%
BITBANK14          100      0       0      32        0.0%
BANK14             100      0       0      33        0.0%
BITBANK15          100      0       0      34        0.0%
BANK15             100      0       0      35        0.0%
BITBANK16          100      0       0      36        0.0%
BANK16             100      0       0      37        0.0%
BITBANK17          100      0       0      38        0.0%
BANK17             100      0       0      39        0.0%
BITBANK18          100      0       0      40        0.0%
BANK18             100      0       0      41        0.0%
BITBANK19          100      0       0      42        0.0%
BANK19             100      0       0      43        0.0%
BITBANK20          100      0       0      44        0.0%
BANK20             100      0       0      45        0.0%
BITBANK21          100      0       0      46        0.0%
BANK21             100      0       0      47        0.0%
BITBANK22          100      0       0      48        0.0%
BANK22             100      0       0      49        0.0%
BITBANK23          100      0       0      50        0.0%
BANK23             100      0       0      51        0.0%
BITBANK24          100      0       0      52        0.0%
BANK24             100      0       0      53        0.0%
BITBANK25          100      0       0      54        0.0%
BANK25             100      0       0      55        0.0%
BITBANK26          100      0       0      56        0.0%
BANK26             100      0       0      57        0.0%
ABS                  0      0       0      58        0.0%
BITBANK27          100      0       0      59        0.0%
BANK27             100      0       0      60        0.0%
BITBANK28          100      0       0      61        0.0%
BANK28             100      0       0      62        0.0%
BITBANK29          100      0       0      63        0.0%
BANK29             100      0       0      64        0.0%
BITBANK30          100      0       0      65        0.0%
BANK30             100      0       0      66        0.0%
BITBANK31          100      0       0      67        0.0%
BANK31             100      0       0      68        0.0%
BIGRAM            1FFF      0       0      69        0.0%
BITSFR_8             0      0       0     200        0.0%
SFR_8                0      0       0     200        0.0%
BITSFR_7             0      0       0     200        0.0%
SFR_7                0      0       0     200        0.0%
BITSFR_6             0      0       0     200        0.0%
SFR_6                0      0       0     200        0.0%
BITSFR_5             0      0       0     200        0.0%
SFR_5                0      0       0     200        0.0%
BITSFR_4             0      0       0     200        0.0%
SFR_4                0      0       0     200        0.0%
BITSFR_3             0      0       0     200        0.0%
SFR_3                0      0       0     200        0.0%
BITSFR_2             0      0       0     200        0.0%
SFR_2                0      0       0     200        0.0%
BITSFR_1             0      0       0     200        0.0%
SFR_1                0      0       0     200        0.0%
BITSFR               0      0       0     200        0.0%
SFR                  0      0       0     200        0.0%


Microchip Technology PIC18 Macro Assembler V2.10 build 88905656 
Symbol Table                                                                                   Fri Sep 06 14:19:23 2019

               __CFG_CP$OFF 000000                          l75 FFF2                 __CFG_LVP$ON 000000  
                       l760 FFA2                         l770 FFD4                         l762 FFA4  
                       l754 FF78                         l772 FFEA                         l764 FFBA  
                       l756 FF8A                         l774 FFEC                         l766 FFBC  
                       l758 FF8C                         l768 FFD2               __CFG_BBEN$OFF 000000  
              __CFG_ZCD$OFF 000000                __CFG_WDTE$ON 000000                        _WPUA 003A41  
                      _WPUB 003A51                        _WPUC 003A61                        _WPUD 003A71  
                      _WPUE 003A81               __CFG_FCMEN$ON 000000                        _main FF78  
                      start FFFC               __CFG_CSWEN$ON 000000                ___param_bank 000000  
                     ?_main 0000              __CFG_DEBUG$OFF 000000                       _PORTA 003FCA  
                     _PORTB 003FCB                       _PORTC 003FCC                       _PORTD 003FCD  
                     _PORTE 003FCE                       _TRISA 003FC2                       _TRISB 003FC3  
                     _TRISC 003FC4                       _TRISD 003FC5                       _TRISE 003FC6  
             __CFG_WRTB$OFF 000000               __CFG_WRTC$OFF 000000               __CFG_WRTD$OFF 000000  
        __CFG_MCLRE$EXTMCLR 000000             __initialization FF72                __end_of_main FFFC  
            __CFG_SAFEN$OFF 000000                      ??_main 0000               __activetblptr 000000  
            __CFG_MVECEN$ON 000000                      _ANSELA 003A40                      _ANSELB 003A50  
                    _ANSELC 003A60                      _ANSELD 003A70                      _ANSELE 003A80  
                    _ODCONA 003A42                      _ODCONB 003A52                      _ODCONC 003A62  
                    _ODCOND 003A72                      _ODCONE 003A82              __CFG_WDTCCS$SC 000000  
                    _INLVLA 003A44                      _INLVLB 003A54                      _INLVLC 003A64  
                    _INLVLD 003A74                      _INLVLE 003A84              __CFG_XINST$OFF 000000  
            __CFG_STVREN$ON 000000                  __accesstop 0060     __end_of__initialization FF72  
             ___rparam_used 000001              __pcstackCOMRAM 0000             __CFG_PR1WAY$OFF 000000  
       __CFG_PWRTS$PWRT_OFF 000000                     _SLRCONA 003A43                     _SLRCONB 003A53  
                   _SLRCONC 003A63                     _SLRCOND 003A73                     _SLRCONE 003A83  
                   __Hparam 0000                     __Lparam 0000  __CFG_RSTOSC$HFINTOSC_64MHZ 000000  
                   __pcinit FF72                     __ramtop 2000                     __ptext0 FF78  
           __CFG_WRTAPP$OFF 000000             __CFG_WRTSAF$OFF 000000        end_of_initialization FF72  
     __CFG_WDTCPS$WDTCPS_31 000000            __CFG_FEXTOSC$OFF 000000         start_initialization FF72  
          __CFG_LPBOREN$OFF 000000            __CFG_IVT1WAY$OFF 000000            __CFG_PPS1WAY$OFF 000000  
    __CFG_BBSIZE$BBSIZE_512 000000                    __Hrparam 0000                    __Lrparam 0000  
        __CFG_BOREN$SBORDIS 000000               __size_of_main 0084        __CFG_WDTCWS$WDTCWS_7 000000  
        __CFG_BORV$VBOR_190 000000           __CFG_CLKOUTEN$OFF 000000  
